C51 COMPILER V9.06   USART                                                                 04/01/2018 20:01:21 PAGE 1   


C51 COMPILER V9.06, COMPILATION OF MODULE USART
OBJECT MODULE PLACED IN usart.obj
COMPILER INVOKED BY: E:\MCU_development\keil_C51\C51\BIN\C51.EXE src\usart.c LARGE BROWSE DEBUG OBJECTEXTEND PRINT(.\usa
                    -rt.lst) OBJECT(usart.obj)

line level    source

   1          
   2          #include "config.h"
   3          
   4          
   5          #define   FOSC     22118400L         //System frequency
   6          
   7          uint32_t  baudRate = 9600;           //UART baudrate
   8          uint8_t   rxBuffer[20];
   9          uint8_t   rxCount = 0;
  10          uint8_t   rxFlag =  0;
  11          /************************************************************************
  12          函 数 名： 串口初始化
  13          功能描述： STC10L08XE 单片机串口初始化函数
  14          返回函数： none
  15          其他说明： none
  16          **************************************************************************/
  17          void uartInit(void)
  18          {
  19   1          SCON = 0x50;            //8-bit variable UART
  20   1          TMOD = 0x20;            //Set Timer1 as 8-bit auto reload mode
  21   1          TH1 = TL1 = -(FOSC/12/32/baudRate); //Set auto-reload vaule
  22   1          TR1 = 1;                //Timer1 start run
  23   1          ES = 1;                 //Enable UART interrupt
  24   1          EA = 1;                 //Open master interrupt switch
  25   1      }
  26          /***********************************************************
  27          * 名    称： 
  28          * 功    能： 
  29          * 入口参数： 无 
  30          * 出口参数：无
  31          * 说    明：                                     
  32          **********************************************************/
  33          void UartIsr() interrupt 4 using 1
  34          {       
  35   1              if(RI)
  36   1              {       
  37   2                      RI = 0;             //Clear receive interrupt flag
  38   2              rxBuffer[rxCount++] = SBUF;          //P0 show UART data
  39   2                      if(rxCount == 20)         
  40   2                              rxCount = 0;
  41   2              }
  42   1              if(rxBuffer[rxCount-2]== '\r' && rxBuffer[rxCount-1] == '\n')
  43   1               {
  44   2                      rxBuffer[rxCount-2] = 0;
  45   2                      rxBuffer[rxCount-1]=0;
  46   2                      rxCount= 0 ;
  47   2                      rxFlag=1;
  48   2               } 
  49   1      
  50   1      
  51   1      }
  52          /************************************************************************
  53          功能描述：      串口发送一字节数据
  54          入口参数：      DAT:带发送的数据
C51 COMPILER V9.06   USART                                                                 04/01/2018 20:01:21 PAGE 2   

  55          返 回 值：      none
  56          其他说明：      none
  57          **************************************************************************/
  58          void uartSendByte(uint8_t _data)
  59          {
  60   1              ES  =  0;
  61   1              TI=0;
  62   1              SBUF = _data;
  63   1              while(TI==0);
  64   1              TI=0;
  65   1              ES = 1;
  66   1      }
  67          /************************************************************************
  68          功能描述： 串口发送字符串数据
  69          入口参数：      *_data：字符串指针
  70          返 回 值： none
  71          **************************************************************************/
  72          void printCom(uint8_t *_data)
  73          {
  74   1              while(*_data)
  75   1              {
  76   2                      uartSendByte(*_data++);
  77   2              }       
  78   1      }
  79          


MODULE INFORMATION:   STATIC OVERLAYABLE
   CODE SIZE        =    228    ----
   CONSTANT SIZE    =   ----    ----
   XDATA SIZE       =     24       3
   PDATA SIZE       =   ----    ----
   DATA SIZE        =   ----    ----
   IDATA SIZE       =   ----    ----
   BIT SIZE         =   ----    ----
END OF MODULE INFORMATION.


C51 COMPILATION COMPLETE.  0 WARNING(S),  0 ERROR(S)
